[23:33:50] [INIT] KubeJS 2001.6.5-build.16; MC 2001 forge
[23:33:50] [INIT] Loaded plugins:
[23:33:50] [INIT] - dev.latvian.mods.kubejs.forge.BuiltinKubeJSForgePlugin
[23:33:50] [INIT] - dev.latvian.mods.kubejs.forge.BuiltinKubeJSForgeClientPlugin
[23:33:50] [INIT] - com.almostreliable.kubeio.kube.KubePlugin
[23:33:50] [INIT] - io.github.mortuusars.exposure.integration.kubejs.ExposureJSPlugin
[23:33:50] [INIT] - dev.ftb.mods.ftbxmodcompat.ftbquests.kubejs.KubeJSIntegration
[23:33:50] [INIT] - dev.ftb.mods.ftbxmodcompat.ftbteams.kubejs.FTBTeamsKubeJSPlugin
[23:33:50] [INIT] - com.sunekaer.sdrp.integration.kubejs.SDRPKubeJSIntegration
[23:33:50] [INIT] - dev.latvian.mods.kubejs.thermal.KubeJSThermalPlugin
[23:33:50] [INIT] - dev.latvian.mods.kubejs.create.KubeJSCreatePlugin
[23:33:50] [INIT] - dev.latvian.kubejs.mekanism.MekanismKubeJSPlugin
[23:33:50] [INIT] - qinomed.kubejsdelight.KubeJSDelightPlugin
[23:33:50] [INIT] - com.almostreliable.lootjs.kube.LootJSPlugin
[23:33:50] [INIT] - com.prunoideae.KubeJSBotaniaPlugin
[23:33:50] [INIT] - snownee.lychee.compat.kubejs.LycheeKubeJSPlugin
[23:33:50] [INFO] Loaded script startup_scripts:init.js in 0.066 s
[23:33:50] [INFO] Loaded script startup_scripts:emissive_textures.js in 0.0 s
[23:33:50] [INFO] Loaded script startup_scripts:block_modification.js in 0.003 s
[23:33:50] [INFO] Loaded script startup_scripts:environment.js in 0.0 s
[23:33:50] [INFO] Loaded 4/4 KubeJS startup scripts in 0.556 s with 0 errors and 0 warnings
[23:33:50] [WARN] init.js#13: blockBuilder.material(string) is no longer supported! Use .soundType(SoundType) and .mapColor(MapColor) instead!
[23:33:50] [WARN] init.js#13: blockBuilder.material(string) is no longer supported! Use .soundType(SoundType) and .mapColor(MapColor) instead!
[23:33:50] [WARN] init.js#13: blockBuilder.material(string) is no longer supported! Use .soundType(SoundType) and .mapColor(MapColor) instead!
[23:33:50] [WARN] init.js#13: blockBuilder.material(string) is no longer supported! Use .soundType(SoundType) and .mapColor(MapColor) instead!
[23:33:50] [WARN] init.js#13: blockBuilder.material(string) is no longer supported! Use .soundType(SoundType) and .mapColor(MapColor) instead!
[23:33:50] [WARN] init.js#13: blockBuilder.material(string) is no longer supported! Use .soundType(SoundType) and .mapColor(MapColor) instead!
[23:33:50] [WARN] init.js#13: blockBuilder.material(string) is no longer supported! Use .soundType(SoundType) and .mapColor(MapColor) instead!
[23:33:50] [WARN] init.js#32: blockBuilder.material(string) is no longer supported! Use .soundType(SoundType) and .mapColor(MapColor) instead!
[23:33:50] [WARN] init.js#40: blockBuilder.material(string) is no longer supported! Use .soundType(SoundType) and .mapColor(MapColor) instead!
[23:33:50] [WARN] init.js#47: blockBuilder.material(string) is no longer supported! Use .soundType(SoundType) and .mapColor(MapColor) instead!
[23:33:50] [WARN] init.js#54: blockBuilder.material(string) is no longer supported! Use .soundType(SoundType) and .mapColor(MapColor) instead!
[23:33:50] [WARN] init.js#62: blockBuilder.material(string) is no longer supported! Use .soundType(SoundType) and .mapColor(MapColor) instead!
[23:33:50] [WARN] init.js#79: blockBuilder.material(string) is no longer supported! Use .soundType(SoundType) and .mapColor(MapColor) instead!
[23:33:50] [WARN] init.js#88: blockBuilder.material(string) is no longer supported! Use .soundType(SoundType) and .mapColor(MapColor) instead!
[23:33:50] [WARN] init.js#94: blockBuilder.material(string) is no longer supported! Use .soundType(SoundType) and .mapColor(MapColor) instead!
[23:33:50] [WARN] init.js#100: blockBuilder.material(string) is no longer supported! Use .soundType(SoundType) and .mapColor(MapColor) instead!
[23:33:50] [WARN] init.js#106: blockBuilder.material(string) is no longer supported! Use .soundType(SoundType) and .mapColor(MapColor) instead!
[23:33:50] [WARN] init.js#115: blockBuilder.material(string) is no longer supported! Use .soundType(SoundType) and .mapColor(MapColor) instead!
[23:33:50] [WARN] init.js#121: blockBuilder.material(string) is no longer supported! Use .soundType(SoundType) and .mapColor(MapColor) instead!
[23:33:50] [WARN] init.js#127: blockBuilder.material(string) is no longer supported! Use .soundType(SoundType) and .mapColor(MapColor) instead!
[23:33:50] [WARN] init.js#154: blockBuilder.material(string) is no longer supported! Use .soundType(SoundType) and .mapColor(MapColor) instead!
[23:33:50] [WARN] init.js#160: blockBuilder.material(string) is no longer supported! Use .soundType(SoundType) and .mapColor(MapColor) instead!
[23:33:50] [WARN] init.js#170: blockBuilder.material(string) is no longer supported! Use .soundType(SoundType) and .mapColor(MapColor) instead!
[23:33:50] [WARN] init.js#176: blockBuilder.material(string) is no longer supported! Use .soundType(SoundType) and .mapColor(MapColor) instead!
[23:33:50] [WARN] init.js#183: blockBuilder.material(string) is no longer supported! Use .soundType(SoundType) and .mapColor(MapColor) instead!
[23:33:50] [WARN] init.js#190: blockBuilder.material(string) is no longer supported! Use .soundType(SoundType) and .mapColor(MapColor) instead!
[23:33:50] [WARN] init.js#196: blockBuilder.material(string) is no longer supported! Use .soundType(SoundType) and .mapColor(MapColor) instead!
[23:33:50] [WARN] init.js#202: blockBuilder.material(string) is no longer supported! Use .soundType(SoundType) and .mapColor(MapColor) instead!
[23:33:50] [WARN] init.js#207: blockBuilder.material(string) is no longer supported! Use .soundType(SoundType) and .mapColor(MapColor) instead!
[23:33:50] [WARN] init.js#215: blockBuilder.material(string) is no longer supported! Use .soundType(SoundType) and .mapColor(MapColor) instead!
[23:33:50] [WARN] init.js#224: blockBuilder.material(string) is no longer supported! Use .soundType(SoundType) and .mapColor(MapColor) instead!
[23:33:50] [WARN] init.js#233: blockBuilder.material(string) is no longer supported! Use .soundType(SoundType) and .mapColor(MapColor) instead!
[23:33:50] [WARN] init.js#242: blockBuilder.material(string) is no longer supported! Use .soundType(SoundType) and .mapColor(MapColor) instead!
[23:33:50] [WARN] init.js#248: blockBuilder.material(string) is no longer supported! Use .soundType(SoundType) and .mapColor(MapColor) instead!
[23:33:50] [WARN] init.js#256: blockBuilder.material(string) is no longer supported! Use .soundType(SoundType) and .mapColor(MapColor) instead!
[23:33:50] [WARN] init.js#265: blockBuilder.material(string) is no longer supported! Use .soundType(SoundType) and .mapColor(MapColor) instead!
[23:33:50] [WARN] init.js#271: blockBuilder.material(string) is no longer supported! Use .soundType(SoundType) and .mapColor(MapColor) instead!
[23:33:50] [WARN] init.js#277: blockBuilder.material(string) is no longer supported! Use .soundType(SoundType) and .mapColor(MapColor) instead!
[23:33:50] [WARN] init.js#283: blockBuilder.material(string) is no longer supported! Use .soundType(SoundType) and .mapColor(MapColor) instead!
[23:33:50] [WARN] init.js#293: blockBuilder.material(string) is no longer supported! Use .soundType(SoundType) and .mapColor(MapColor) instead!
[23:33:50] [WARN] init.js#309: blockBuilder.material(string) is no longer supported! Use .soundType(SoundType) and .mapColor(MapColor) instead!
[23:33:50] [WARN] init.js#319: blockBuilder.material(string) is no longer supported! Use .soundType(SoundType) and .mapColor(MapColor) instead!
[23:33:50] [WARN] init.js#325: blockBuilder.material(string) is no longer supported! Use .soundType(SoundType) and .mapColor(MapColor) instead!
[23:33:50] [WARN] init.js#331: blockBuilder.material(string) is no longer supported! Use .soundType(SoundType) and .mapColor(MapColor) instead!
[23:33:50] [WARN] init.js#337: blockBuilder.material(string) is no longer supported! Use .soundType(SoundType) and .mapColor(MapColor) instead!
[23:33:50] [WARN] init.js#350: blockBuilder.material(string) is no longer supported! Use .soundType(SoundType) and .mapColor(MapColor) instead!
[23:33:50] [WARN] init.js#388: blockBuilder.material(string) is no longer supported! Use .soundType(SoundType) and .mapColor(MapColor) instead!
[23:33:50] [WARN] init.js#429: blockBuilder.material(string) is no longer supported! Use .soundType(SoundType) and .mapColor(MapColor) instead!
[23:33:50] [WARN] init.js#485: blockBuilder.material(string) is no longer supported! Use .soundType(SoundType) and .mapColor(MapColor) instead!
[23:33:50] [WARN] init.js#485: blockBuilder.material(string) is no longer supported! Use .soundType(SoundType) and .mapColor(MapColor) instead!
[23:33:50] [WARN] init.js#485: blockBuilder.material(string) is no longer supported! Use .soundType(SoundType) and .mapColor(MapColor) instead!
[23:33:50] [WARN] init.js#485: blockBuilder.material(string) is no longer supported! Use .soundType(SoundType) and .mapColor(MapColor) instead!
[23:33:50] [WARN] init.js#485: blockBuilder.material(string) is no longer supported! Use .soundType(SoundType) and .mapColor(MapColor) instead!
[23:33:50] [WARN] init.js#485: blockBuilder.material(string) is no longer supported! Use .soundType(SoundType) and .mapColor(MapColor) instead!
[23:33:50] [WARN] init.js#485: blockBuilder.material(string) is no longer supported! Use .soundType(SoundType) and .mapColor(MapColor) instead!
[23:33:50] [WARN] init.js#485: blockBuilder.material(string) is no longer supported! Use .soundType(SoundType) and .mapColor(MapColor) instead!
[23:33:50] [WARN] init.js#485: blockBuilder.material(string) is no longer supported! Use .soundType(SoundType) and .mapColor(MapColor) instead!
[23:33:50] [WARN] init.js#485: blockBuilder.material(string) is no longer supported! Use .soundType(SoundType) and .mapColor(MapColor) instead!
[23:33:50] [WARN] init.js#485: blockBuilder.material(string) is no longer supported! Use .soundType(SoundType) and .mapColor(MapColor) instead!
[23:33:50] [WARN] init.js#485: blockBuilder.material(string) is no longer supported! Use .soundType(SoundType) and .mapColor(MapColor) instead!
[23:33:50] [WARN] init.js#485: blockBuilder.material(string) is no longer supported! Use .soundType(SoundType) and .mapColor(MapColor) instead!
[23:33:50] [WARN] init.js#485: blockBuilder.material(string) is no longer supported! Use .soundType(SoundType) and .mapColor(MapColor) instead!
[23:33:50] [WARN] init.js#485: blockBuilder.material(string) is no longer supported! Use .soundType(SoundType) and .mapColor(MapColor) instead!
[23:33:50] [WARN] init.js#485: blockBuilder.material(string) is no longer supported! Use .soundType(SoundType) and .mapColor(MapColor) instead!
[23:33:50] [WARN] init.js#485: blockBuilder.material(string) is no longer supported! Use .soundType(SoundType) and .mapColor(MapColor) instead!
[23:33:50] [WARN] init.js#485: blockBuilder.material(string) is no longer supported! Use .soundType(SoundType) and .mapColor(MapColor) instead!
[23:33:50] [WARN] init.js#485: blockBuilder.material(string) is no longer supported! Use .soundType(SoundType) and .mapColor(MapColor) instead!
[23:33:50] [WARN] init.js#485: blockBuilder.material(string) is no longer supported! Use .soundType(SoundType) and .mapColor(MapColor) instead!
[23:33:50] [WARN] init.js#485: blockBuilder.material(string) is no longer supported! Use .soundType(SoundType) and .mapColor(MapColor) instead!
[23:33:50] [WARN] init.js#485: blockBuilder.material(string) is no longer supported! Use .soundType(SoundType) and .mapColor(MapColor) instead!
[23:33:50] [WARN] init.js#485: blockBuilder.material(string) is no longer supported! Use .soundType(SoundType) and .mapColor(MapColor) instead!
[23:33:50] [WARN] init.js#546: blockBuilder.material(string) is no longer supported! Use .soundType(SoundType) and .mapColor(MapColor) instead!
[23:33:50] [WARN] init.js#551: blockBuilder.material(string) is no longer supported! Use .soundType(SoundType) and .mapColor(MapColor) instead!
[23:33:50] [WARN] init.js#560: blockBuilder.material(string) is no longer supported! Use .soundType(SoundType) and .mapColor(MapColor) instead!
[23:33:50] [WARN] init.js#567: blockBuilder.material(string) is no longer supported! Use .soundType(SoundType) and .mapColor(MapColor) instead!
[23:33:50] [WARN] init.js#574: blockBuilder.material(string) is no longer supported! Use .soundType(SoundType) and .mapColor(MapColor) instead!
[23:33:50] [WARN] init.js#584: blockBuilder.material(string) is no longer supported! Use .soundType(SoundType) and .mapColor(MapColor) instead!
[23:33:50] [WARN] init.js#605: blockBuilder.material(string) is no longer supported! Use .soundType(SoundType) and .mapColor(MapColor) instead!
[23:33:50] [WARN] init.js#623: blockBuilder.material(string) is no longer supported! Use .soundType(SoundType) and .mapColor(MapColor) instead!
[23:33:50] [WARN] init.js#636: blockBuilder.material(string) is no longer supported! Use .soundType(SoundType) and .mapColor(MapColor) instead!
[23:33:50] [WARN] init.js#649: blockBuilder.material(string) is no longer supported! Use .soundType(SoundType) and .mapColor(MapColor) instead!
[23:33:50] [WARN] init.js#664: blockBuilder.material(string) is no longer supported! Use .soundType(SoundType) and .mapColor(MapColor) instead!
[23:33:50] [WARN] init.js#686: blockBuilder.material(string) is no longer supported! Use .soundType(SoundType) and .mapColor(MapColor) instead!
[23:33:50] [WARN] init.js#719: blockBuilder.material(string) is no longer supported! Use .soundType(SoundType) and .mapColor(MapColor) instead!
[23:33:50] [WARN] init.js#756: blockBuilder.material(string) is no longer supported! Use .soundType(SoundType) and .mapColor(MapColor) instead!
[23:33:50] [WARN] init.js#763: blockBuilder.material(string) is no longer supported! Use .soundType(SoundType) and .mapColor(MapColor) instead!
[23:33:50] [WARN] init.js#769: blockBuilder.material(string) is no longer supported! Use .soundType(SoundType) and .mapColor(MapColor) instead!
[23:33:50] [WARN] init.js#775: blockBuilder.material(string) is no longer supported! Use .soundType(SoundType) and .mapColor(MapColor) instead!
[23:33:50] [WARN] init.js#781: blockBuilder.material(string) is no longer supported! Use .soundType(SoundType) and .mapColor(MapColor) instead!
[23:33:50] [WARN] init.js#788: blockBuilder.material(string) is no longer supported! Use .soundType(SoundType) and .mapColor(MapColor) instead!
